<?xml version="1.0" encoding="UTF-8"?>
<testng-results skipped="0" failed="0" ignored="0" total="1" passed="1">
  <reporter-output>
  </reporter-output>
  <suite name="Default suite" duration-ms="21837" started-at="2020-06-01T20:54:38 IST" finished-at="2020-06-01T20:54:59 IST">
    <groups>
    </groups>
    <test name="Default test" duration-ms="21837" started-at="2020-06-01T20:54:38 IST" finished-at="2020-06-01T20:54:59 IST">
      <class name="com.TestCases.OrangeHRM_Login_TestCase">
        <test-method status="PASS" signature="start()[pri:0, instance:com.TestCases.OrangeHRM_Login_TestCase@670b40af]" name="start" is-config="true" duration-ms="13894" started-at="2020-06-01T20:54:38 IST" finished-at="2020-06-01T20:54:51 IST">
          <reporter-output>
          </reporter-output>
        </test-method> <!-- start -->
        <test-method status="PASS" signature="Login_Page()[pri:0, instance:com.TestCases.OrangeHRM_Login_TestCase@670b40af]" name="Login_Page" duration-ms="5498" started-at="2020-06-01T20:54:52 IST" finished-at="2020-06-01T20:54:57 IST">
          <reporter-output>
          </reporter-output>
        </test-method> <!-- Login_Page -->
        <test-method status="PASS" signature="close()[pri:0, instance:com.TestCases.OrangeHRM_Login_TestCase@670b40af]" name="close" is-config="true" duration-ms="2362" started-at="2020-06-01T20:54:57 IST" finished-at="2020-06-01T20:54:59 IST">
          <reporter-output>
          </reporter-output>
        </test-method> <!-- close -->
      </class> <!-- com.TestCases.OrangeHRM_Login_TestCase -->
    </test> <!-- Default test -->
  </suite> <!-- Default suite -->
</testng-results>
